# JRE version: Java(TM) SE Runtime Environment (8.0_151-b12) (build 1.8.0_151-b12)
# Java VM: Java HotSpot(TM) 64-Bit Server VM (25.151-b12 mixed mode linux-amd64 compressed oops)
Heap:
 PSYoungGen      total 293376K, used 42485K [0x00000000d5580000, 0x00000000ecc80000, 0x0000000100000000)
  eden space 250880K, 0% used [0x00000000d5580000,0x00000000d5580000,0x00000000e4a80000)
  from space 42496K, 99% used [0x00000000ea300000,0x00000000ecc7d7a0,0x00000000ecc80000)
  to   space 38400K, 0% used [0x00000000e4a80000,0x00000000e4a80000,0x00000000e7000000)
 ParOldGen       total 83968K, used 56720K [0x0000000080000000, 0x0000000085200000, 0x00000000d5580000)
  object space 83968K, 67% used [0x0000000080000000,0x0000000083764178,0x0000000085200000)
 Metaspace       used 75001K, capacity 77570K, committed 77736K, reserved 1116160K
  class space    used 9543K, capacity 10030K, committed 10152K, reserved 1048576K
GC Heap History (10 events):
Event: 7043.730 GC heap after
Heap after GC invocations=16 (full 3):
 PSYoungGen      total 202752K, used 0K [0x00000000d5580000, 0x00000000e5c80000, 0x0000000100000000)
  eden space 177152K, 0% used [0x00000000d5580000,0x00000000d5580000,0x00000000e0280000)
  from space 25600K, 0% used [0x00000000e0280000,0x00000000e0280000,0x00000000e1b80000)
  to   space 27648K, 0% used [0x00000000e4180000,0x00000000e4180000,0x00000000e5c80000)
 ParOldGen       total 83968K, used 23221K [0x0000000080000000, 0x0000000085200000, 0x00000000d5580000)
  object space 83968K, 27% used [0x0000000080000000,0x00000000816ad508,0x0000000085200000)
 Metaspace       used 56363K, capacity 57974K, committed 59160K, reserved 1099776K
  class space    used 7501K, capacity 7837K, committed 8104K, reserved 1048576K
}
Event: 7077.749 GC heap before
{Heap before GC invocations=17 (full 3):
 PSYoungGen      total 202752K, used 177152K [0x00000000d5580000, 0x00000000e5c80000, 0x0000000100000000)
  eden space 177152K, 100% used [0x00000000d5580000,0x00000000e0280000,0x00000000e0280000)
  from space 25600K, 0% used [0x00000000e0280000,0x00000000e0280000,0x00000000e1b80000)
  to   space 27648K, 0% used [0x00000000e4180000,0x00000000e4180000,0x00000000e5c80000)
 ParOldGen       total 83968K, used 23221K [0x0000000080000000, 0x0000000085200000, 0x00000000d5580000)
  object space 83968K, 27% used [0x0000000080000000,0x00000000816ad508,0x0000000085200000)
 Metaspace       used 57480K, capacity 59460K, committed 60456K, reserved 1101824K
  class space    used 7639K, capacity 8022K, committed 8232K, reserved 1048576K
Event: 7077.853 GC heap after
Heap after GC invocations=17 (full 3):
 PSYoungGen      total 242176K, used 9232K [0x00000000d5580000, 0x00000000e5b80000, 0x0000000100000000)
  eden space 215552K, 0% used [0x00000000d5580000,0x00000000d5580000,0x00000000e2800000)
  from space 26624K, 34% used [0x00000000e4180000,0x00000000e4a84010,0x00000000e5b80000)
  to   space 26112K, 0% used [0x00000000e2800000,0x00000000e2800000,0x00000000e4180000)
 ParOldGen       total 83968K, used 23229K [0x0000000080000000, 0x0000000085200000, 0x00000000d5580000)
  object space 83968K, 27% used [0x0000000080000000,0x00000000816af508,0x0000000085200000)
 Metaspace       used 57480K, capacity 59460K, committed 60456K, reserved 1101824K
  class space    used 7639K, capacity 8022K, committed 8232K, reserved 1048576K
}
Event: 7247.693 GC heap before
{Heap before GC invocations=18 (full 3):
 PSYoungGen      total 242176K, used 224784K [0x00000000d5580000, 0x00000000e5b80000, 0x0000000100000000)
  eden space 215552K, 100% used [0x00000000d5580000,0x00000000e2800000,0x00000000e2800000)
  from space 26624K, 34% used [0x00000000e4180000,0x00000000e4a84010,0x00000000e5b80000)
  to   space 26112K, 0% used [0x00000000e2800000,0x00000000e2800000,0x00000000e4180000)
 ParOldGen       total 83968K, used 23229K [0x0000000080000000, 0x0000000085200000, 0x00000000d5580000)
  object space 83968K, 27% used [0x0000000080000000,0x00000000816af508,0x0000000085200000)
 Metaspace       used 67491K, capacity 69688K, committed 70440K, reserved 1110016K
  class space    used 8910K, capacity 9353K, committed 9512K, reserved 1048576K
Event: 7248.414 GC heap after
Heap after GC invocations=18 (full 3):
 PSYoungGen      total 241664K, used 26110K [0x00000000d5580000, 0x00000000e8e00000, 0x0000000100000000)
  eden space 215552K, 0% used [0x00000000d5580000,0x00000000d5580000,0x00000000e2800000)
  from space 26112K, 99% used [0x00000000e2800000,0x00000000e417fa20,0x00000000e4180000)
  to   space 30720K, 0% used [0x00000000e7000000,0x00000000e7000000,0x00000000e8e00000)
 ParOldGen       total 83968K, used 24294K [0x0000000080000000, 0x0000000085200000, 0x00000000d5580000)
  object space 83968K, 28% used [0x0000000080000000,0x00000000817b99d8,0x0000000085200000)
 Metaspace       used 67491K, capacity 69688K, committed 70440K, reserved 1110016K
  class space    used 8910K, capacity 9353K, committed 9512K, reserved 1048576K
}
Event: 7626.932 GC heap before
{Heap before GC invocations=19 (full 3):
 PSYoungGen      total 241664K, used 241662K [0x00000000d5580000, 0x00000000e8e00000, 0x0000000100000000)
  eden space 215552K, 100% used [0x00000000d5580000,0x00000000e2800000,0x00000000e2800000)
  from space 26112K, 99% used [0x00000000e2800000,0x00000000e417fa20,0x00000000e4180000)
  to   space 30720K, 0% used [0x00000000e7000000,0x00000000e7000000,0x00000000e8e00000)
 ParOldGen       total 83968K, used 24294K [0x0000000080000000, 0x0000000085200000, 0x00000000d5580000)
  object space 83968K, 28% used [0x0000000080000000,0x00000000817b99d8,0x0000000085200000)
 Metaspace       used 71212K, capacity 73694K, committed 73768K, reserved 1114112K
  class space    used 9196K, capacity 9712K, committed 9768K, reserved 1048576K
Event: 7639.331 GC heap after
Heap after GC invocations=19 (full 3):
 PSYoungGen      total 281600K, used 30701K [0x00000000d5580000, 0x00000000ead80000, 0x0000000100000000)
  eden space 250880K, 0% used [0x00000000d5580000,0x00000000d5580000,0x00000000e4a80000)
  from space 30720K, 99% used [0x00000000e7000000,0x00000000e8dfb650,0x00000000e8e00000)
  to   space 38400K, 0% used [0x00000000e4a80000,0x00000000e4a80000,0x00000000e7000000)
 ParOldGen       total 83968K, used 32518K [0x0000000080000000, 0x0000000085200000, 0x00000000d5580000)
  object space 83968K, 38% used [0x0000000080000000,0x0000000081fc1888,0x0000000085200000)
 Metaspace       used 71212K, capacity 73694K, committed 73768K, reserved 1114112K
  class space    used 9196K, capacity 9712K, committed 9768K, reserved 1048576K
}
Event: 7719.516 GC heap before
{Heap before GC invocations=20 (full 3):
 PSYoungGen      total 281600K, used 281581K [0x00000000d5580000, 0x00000000ead80000, 0x0000000100000000)
  eden space 250880K, 100% used [0x00000000d5580000,0x00000000e4a80000,0x00000000e4a80000)
  from space 30720K, 99% used [0x00000000e7000000,0x00000000e8dfb650,0x00000000e8e00000)
  to   space 38400K, 0% used [0x00000000e4a80000,0x00000000e4a80000,0x00000000e7000000)
 ParOldGen       total 83968K, used 32518K [0x0000000080000000, 0x0000000085200000, 0x00000000d5580000)
  object space 83968K, 38% used [0x0000000080000000,0x0000000081fc1888,0x0000000085200000)
 Metaspace       used 72138K, capacity 74722K, committed 74920K, reserved 1114112K
  class space    used 9290K, capacity 9806K, committed 9896K, reserved 1048576K
Event: 7721.798 GC heap after
Heap after GC invocations=20 (full 3):
 PSYoungGen      total 289280K, used 33058K [0x00000000d5580000, 0x00000000ecc80000, 0x0000000100000000)
  eden space 250880K, 0% used [0x00000000d5580000,0x00000000d5580000,0x00000000e4a80000)
  from space 38400K, 86% used [0x00000000e4a80000,0x00000000e6ac89e0,0x00000000e7000000)
  to   space 42496K, 0% used [0x00000000ea300000,0x00000000ea300000,0x00000000ecc80000)
 ParOldGen       total 83968K, used 32526K [0x0000000080000000, 0x0000000085200000, 0x00000000d5580000)
  object space 83968K, 38% used [0x0000000080000000,0x0000000081fc3888,0x0000000085200000)
 Metaspace       used 72138K, capacity 74722K, committed 74920K, reserved 1114112K
  class space    used 9290K, capacity 9806K, committed 9896K, reserved 1048576K
}
Event: 7735.043 GC heap before
{Heap before GC invocations=21 (full 3):
 PSYoungGen      total 289280K, used 283938K [0x00000000d5580000, 0x00000000ecc80000, 0x0000000100000000)
  eden space 250880K, 100% used [0x00000000d5580000,0x00000000e4a80000,0x00000000e4a80000)
  from space 38400K, 86% used [0x00000000e4a80000,0x00000000e6ac89e0,0x00000000e7000000)
  to   space 42496K, 0% used [0x00000000ea300000,0x00000000ea300000,0x00000000ecc80000)
 ParOldGen       total 83968K, used 32526K [0x0000000080000000, 0x0000000085200000, 0x00000000d5580000)
  object space 83968K, 38% used [0x0000000080000000,0x0000000081fc3888,0x0000000085200000)
 Metaspace       used 75001K, capacity 77570K, committed 77736K, reserved 1116160K
  class space    used 9543K, capacity 10030K, committed 10152K, reserved 1048576K

